  es_419: 15 clips
  ja_jp: 15 clips
  sw_ke: 15 clips
  af_za: 15 clips
  am_et: 15 clips
  ar_eg: 15 clips
  as_in: 15 clips
  ast_es: 15 clips
  az_az: 15 clips
  be_by: 15 clips
  bg_bg: 15 clips
  bn_in: 15 clips
  bs_ba: 15 clips
  ca_es: 15 clips
  ceb_ph: 15 clips
  ckb_iq: 15 clips
  cmn_hans_cn: 15 clips
  cs_cz: 15 clips
  cy_gb: 15 clips
  da_dk: 15 clips
  de_de: 15 clips
  el_gr: 15 clips
  en_us: 15 clips
  et_ee: 15 clips
  fa_ir: 15 clips
  ff_sn: 15 clips
  fi_fi: 15 clips
  fil_ph: 15 clips
  fr_fr: 15 clips
  ga_ie: 15 clips
  gl_es: 15 clips
  gu_in: 15 clips
  ha_ng: 15 clips
  he_il: 15 clips
  hi_in: 15 clips
  hr_hr: 15 clips
  hu_hu: 15 clips
  hy_am: 15 clips
  id_id: 15 clips
  ig_ng: 15 clips
  is_is: 15 clips
  it_it: 15 clips
  jv_id: 15 clips
  ka_ge: 15 clips
  kam_ke: 15 clips
  kea_cv: 15 clips
  kk_kz: 15 clips
  km_kh: 15 clips
  kn_in: 15 clips
  ko_kr: 15 clips
  ky_kg: 15 clips
  lb_lu: 15 clips
  lg_ug: 15 clips
  ln_cd: 15 clips
  lo_la: 15 clips
  lt_lt: 15 clips
  luo_ke: 15 clips
  lv_lv: 15 clips
  mi_nz: 15 clips
  mk_mk: 15 clips
  ml_in: 15 clips
  mn_mn: 15 clips
  mr_in: 15 clips
  ms_my: 15 clips
  mt_mt: 15 clips
  my_mm: 15 clips
  nb_no: 15 clips
  ne_np: 15 clips
  nl_nl: 15 clips
  nso_za: 15 clips
  ny_mw: 15 clips
  oc_fr: 15 clips
  om_et: 15 clips
  or_in: 15 clips
  pa_in: 15 clips
  pl_pl: 15 clips
  ps_af: 15 clips
  pt_br: 15 clips
  ro_ro: 15 clips
  ru_ru: 15 clips
  sd_in: 15 clips
  sk_sk: 15 clips
  sl_si: 15 clips
  sn_zw: 15 clips
  so_so: 15 clips
  sr_rs: 15 clips
  sv_se: 15 clips
  ta_in: 15 clips
  te_in: 15 clips
  tg_tj: 15 clips
  th_th: 15 clips
  tr_tr: 15 clips
  uk_ua: 15 clips
  umb_ao: 15 clips
  ur_pk: 15 clips
  uz_uz: 15 clips
  vi_vn: 15 clips
  wo_sn: 15 clips
  xh_za: 15 clips
  yo_ng: 15 clips
  yue_hant_hk: 15 clips
  zu_za: 15 clips
Prepared 1530 clips across 102 languages into out/
